::1 - - [09/Sep/2019:07:32:28 +0000] "GET /admin/products HTTP/1.1" 200 - "http://localhost:3000/products" "Mozilla/5.0 (X11; Linux x86_64) AppleWebKit/537.36 (KHTML, like Gecko) Chrome/76.0.3809.132 Safari/537.36"
::1 - - [09/Sep/2019:07:32:28 +0000] "GET /css/product.css HTTP/1.1" 200 379 "http://localhost:3000/admin/products" "Mozilla/5.0 (X11; Linux x86_64) AppleWebKit/537.36 (KHTML, like Gecko) Chrome/76.0.3809.132 Safari/537.36"
::1 - - [09/Sep/2019:07:32:28 +0000] "GET /css/main.css HTTP/1.1" 200 - "http://localhost:3000/admin/products" "Mozilla/5.0 (X11; Linux x86_64) AppleWebKit/537.36 (KHTML, like Gecko) Chrome/76.0.3809.132 Safari/537.36"
::1 - - [09/Sep/2019:07:32:28 +0000] "GET /js/admin.js HTTP/1.1" 200 590 "http://localhost:3000/admin/products" "Mozilla/5.0 (X11; Linux x86_64) AppleWebKit/537.36 (KHTML, like Gecko) Chrome/76.0.3809.132 Safari/537.36"
::1 - - [09/Sep/2019:07:32:28 +0000] "GET /images/2019-09-09T06:32:12.114Z-cat.jpg HTTP/1.1" 200 23956 "http://localhost:3000/admin/products" "Mozilla/5.0 (X11; Linux x86_64) AppleWebKit/537.36 (KHTML, like Gecko) Chrome/76.0.3809.132 Safari/537.36"
::1 - - [09/Sep/2019:07:32:28 +0000] "GET /js/main.js HTTP/1.1" 200 519 "http://localhost:3000/admin/products" "Mozilla/5.0 (X11; Linux x86_64) AppleWebKit/537.36 (KHTML, like Gecko) Chrome/76.0.3809.132 Safari/537.36"
::1 - - [09/Sep/2019:07:32:53 +0000] "GET /admin/products HTTP/1.1" 200 - "http://localhost:3000/products" "Mozilla/5.0 (X11; Linux x86_64) AppleWebKit/537.36 (KHTML, like Gecko) Chrome/76.0.3809.132 Safari/537.36"
::1 - - [09/Sep/2019:07:32:53 +0000] "GET /css/product.css HTTP/1.1" 200 379 "http://localhost:3000/admin/products" "Mozilla/5.0 (X11; Linux x86_64) AppleWebKit/537.36 (KHTML, like Gecko) Chrome/76.0.3809.132 Safari/537.36"
::1 - - [09/Sep/2019:07:32:53 +0000] "GET /css/main.css HTTP/1.1" 200 - "http://localhost:3000/admin/products" "Mozilla/5.0 (X11; Linux x86_64) AppleWebKit/537.36 (KHTML, like Gecko) Chrome/76.0.3809.132 Safari/537.36"
::1 - - [09/Sep/2019:07:32:53 +0000] "GET /js/admin.js HTTP/1.1" 200 590 "http://localhost:3000/admin/products" "Mozilla/5.0 (X11; Linux x86_64) AppleWebKit/537.36 (KHTML, like Gecko) Chrome/76.0.3809.132 Safari/537.36"
::1 - - [09/Sep/2019:07:32:53 +0000] "GET /images/2019-09-09T06:32:12.114Z-cat.jpg HTTP/1.1" 200 23956 "http://localhost:3000/admin/products" "Mozilla/5.0 (X11; Linux x86_64) AppleWebKit/537.36 (KHTML, like Gecko) Chrome/76.0.3809.132 Safari/537.36"
::1 - - [09/Sep/2019:07:32:53 +0000] "GET /js/main.js HTTP/1.1" 200 519 "http://localhost:3000/admin/products" "Mozilla/5.0 (X11; Linux x86_64) AppleWebKit/537.36 (KHTML, like Gecko) Chrome/76.0.3809.132 Safari/537.36"
::1 - - [09/Sep/2019:07:33:48 +0000] "GET /admin/products HTTP/1.1" 200 - "http://localhost:3000/products" "Mozilla/5.0 (X11; Linux x86_64) AppleWebKit/537.36 (KHTML, like Gecko) Chrome/76.0.3809.132 Safari/537.36"
::1 - - [09/Sep/2019:07:33:48 +0000] "GET /css/main.css HTTP/1.1" 200 - "http://localhost:3000/admin/products" "Mozilla/5.0 (X11; Linux x86_64) AppleWebKit/537.36 (KHTML, like Gecko) Chrome/76.0.3809.132 Safari/537.36"
::1 - - [09/Sep/2019:07:33:48 +0000] "GET /css/product.css HTTP/1.1" 200 379 "http://localhost:3000/admin/products" "Mozilla/5.0 (X11; Linux x86_64) AppleWebKit/537.36 (KHTML, like Gecko) Chrome/76.0.3809.132 Safari/537.36"
::1 - - [09/Sep/2019:07:33:48 +0000] "GET /js/admin.js HTTP/1.1" 200 590 "http://localhost:3000/admin/products" "Mozilla/5.0 (X11; Linux x86_64) AppleWebKit/537.36 (KHTML, like Gecko) Chrome/76.0.3809.132 Safari/537.36"
::1 - - [09/Sep/2019:07:33:48 +0000] "GET /images/2019-09-09T06:32:12.114Z-cat.jpg HTTP/1.1" 200 23956 "http://localhost:3000/admin/products" "Mozilla/5.0 (X11; Linux x86_64) AppleWebKit/537.36 (KHTML, like Gecko) Chrome/76.0.3809.132 Safari/537.36"
::1 - - [09/Sep/2019:07:33:48 +0000] "GET /js/main.js HTTP/1.1" 200 519 "http://localhost:3000/admin/products" "Mozilla/5.0 (X11; Linux x86_64) AppleWebKit/537.36 (KHTML, like Gecko) Chrome/76.0.3809.132 Safari/537.36"
::1 - - [09/Sep/2019:10:23:29 +0000] "GET /products HTTP/1.1" 200 - "http://localhost:3000/admin/products" "Mozilla/5.0 (X11; Linux x86_64) AppleWebKit/537.36 (KHTML, like Gecko) Chrome/76.0.3809.132 Safari/537.36"
::1 - - [09/Sep/2019:10:23:29 +0000] "GET /css/main.css HTTP/1.1" 304 - "http://localhost:3000/products" "Mozilla/5.0 (X11; Linux x86_64) AppleWebKit/537.36 (KHTML, like Gecko) Chrome/76.0.3809.132 Safari/537.36"
::1 - - [09/Sep/2019:10:23:29 +0000] "GET /css/product.css HTTP/1.1" 304 - "http://localhost:3000/products" "Mozilla/5.0 (X11; Linux x86_64) AppleWebKit/537.36 (KHTML, like Gecko) Chrome/76.0.3809.132 Safari/537.36"
::1 - - [09/Sep/2019:10:23:29 +0000] "GET /images/2019-08-29T04:38:41.726Z-book1.jpg HTTP/1.1" 304 - "http://localhost:3000/products" "Mozilla/5.0 (X11; Linux x86_64) AppleWebKit/537.36 (KHTML, like Gecko) Chrome/76.0.3809.132 Safari/537.36"
::1 - - [09/Sep/2019:10:23:29 +0000] "GET /images/2019-08-30T10:26:10.678Z-book2.jpeg HTTP/1.1" 304 - "http://localhost:3000/products" "Mozilla/5.0 (X11; Linux x86_64) AppleWebKit/537.36 (KHTML, like Gecko) Chrome/76.0.3809.132 Safari/537.36"
::1 - - [09/Sep/2019:10:23:29 +0000] "GET /js/main.js HTTP/1.1" 304 - "http://localhost:3000/products" "Mozilla/5.0 (X11; Linux x86_64) AppleWebKit/537.36 (KHTML, like Gecko) Chrome/76.0.3809.132 Safari/537.36"
::1 - - [09/Sep/2019:10:23:29 +0000] "GET /images/2019-09-09T06:32:12.114Z-cat.jpg HTTP/1.1" 304 - "http://localhost:3000/products" "Mozilla/5.0 (X11; Linux x86_64) AppleWebKit/537.36 (KHTML, like Gecko) Chrome/76.0.3809.132 Safari/537.36"
::1 - - [09/Sep/2019:10:28:15 +0000] "GET /products HTTP/1.1" 200 - "-" "Mozilla/5.0 (X11; Linux x86_64) AppleWebKit/537.36 (KHTML, like Gecko) Chrome/76.0.3809.132 Safari/537.36"
::1 - - [09/Sep/2019:10:28:15 +0000] "GET /css/main.css HTTP/1.1" 200 - "https://localhost:3000/products" "Mozilla/5.0 (X11; Linux x86_64) AppleWebKit/537.36 (KHTML, like Gecko) Chrome/76.0.3809.132 Safari/537.36"
::1 - - [09/Sep/2019:10:28:15 +0000] "GET /css/product.css HTTP/1.1" 200 379 "https://localhost:3000/products" "Mozilla/5.0 (X11; Linux x86_64) AppleWebKit/537.36 (KHTML, like Gecko) Chrome/76.0.3809.132 Safari/537.36"
::1 - - [09/Sep/2019:10:28:15 +0000] "GET /images/2019-08-29T04:38:41.726Z-book1.jpg HTTP/1.1" 200 222859 "https://localhost:3000/products" "Mozilla/5.0 (X11; Linux x86_64) AppleWebKit/537.36 (KHTML, like Gecko) Chrome/76.0.3809.132 Safari/537.36"
::1 - - [09/Sep/2019:10:28:15 +0000] "GET /images/2019-08-30T10:26:10.678Z-book2.jpeg HTTP/1.1" 200 77704 "https://localhost:3000/products" "Mozilla/5.0 (X11; Linux x86_64) AppleWebKit/537.36 (KHTML, like Gecko) Chrome/76.0.3809.132 Safari/537.36"
::1 - - [09/Sep/2019:10:28:15 +0000] "GET /js/main.js HTTP/1.1" 200 519 "https://localhost:3000/products" "Mozilla/5.0 (X11; Linux x86_64) AppleWebKit/537.36 (KHTML, like Gecko) Chrome/76.0.3809.132 Safari/537.36"
::1 - - [09/Sep/2019:10:28:15 +0000] "GET /images/2019-09-09T06:32:12.114Z-cat.jpg HTTP/1.1" 200 23956 "https://localhost:3000/products" "Mozilla/5.0 (X11; Linux x86_64) AppleWebKit/537.36 (KHTML, like Gecko) Chrome/76.0.3809.132 Safari/537.36"
::1 - - [09/Sep/2019:10:28:16 +0000] "GET /favicon.ico HTTP/1.1" 404 - "https://localhost:3000/products" "Mozilla/5.0 (X11; Linux x86_64) AppleWebKit/537.36 (KHTML, like Gecko) Chrome/76.0.3809.132 Safari/537.36"
::1 - - [09/Sep/2019:10:28:20 +0000] "GET /products HTTP/1.1" 200 - "-" "Mozilla/5.0 (X11; Linux x86_64) AppleWebKit/537.36 (KHTML, like Gecko) Chrome/76.0.3809.132 Safari/537.36"
::1 - - [09/Sep/2019:10:28:20 +0000] "GET /css/main.css HTTP/1.1" 304 - "https://localhost:3000/products" "Mozilla/5.0 (X11; Linux x86_64) AppleWebKit/537.36 (KHTML, like Gecko) Chrome/76.0.3809.132 Safari/537.36"
::1 - - [09/Sep/2019:10:28:20 +0000] "GET /css/product.css HTTP/1.1" 304 - "https://localhost:3000/products" "Mozilla/5.0 (X11; Linux x86_64) AppleWebKit/537.36 (KHTML, like Gecko) Chrome/76.0.3809.132 Safari/537.36"
::1 - - [09/Sep/2019:10:28:20 +0000] "GET /images/2019-08-29T04:38:41.726Z-book1.jpg HTTP/1.1" 304 - "https://localhost:3000/products" "Mozilla/5.0 (X11; Linux x86_64) AppleWebKit/537.36 (KHTML, like Gecko) Chrome/76.0.3809.132 Safari/537.36"
::1 - - [09/Sep/2019:10:28:20 +0000] "GET /images/2019-08-30T10:26:10.678Z-book2.jpeg HTTP/1.1" 304 - "https://localhost:3000/products" "Mozilla/5.0 (X11; Linux x86_64) AppleWebKit/537.36 (KHTML, like Gecko) Chrome/76.0.3809.132 Safari/537.36"
::1 - - [09/Sep/2019:10:28:20 +0000] "GET /js/main.js HTTP/1.1" 304 - "https://localhost:3000/products" "Mozilla/5.0 (X11; Linux x86_64) AppleWebKit/537.36 (KHTML, like Gecko) Chrome/76.0.3809.132 Safari/537.36"
::1 - - [09/Sep/2019:10:28:20 +0000] "GET /images/2019-09-09T06:32:12.114Z-cat.jpg HTTP/1.1" 304 - "https://localhost:3000/products" "Mozilla/5.0 (X11; Linux x86_64) AppleWebKit/537.36 (KHTML, like Gecko) Chrome/76.0.3809.132 Safari/537.36"
::1 - - [09/Sep/2019:10:28:22 +0000] "GET /products/5d6756d193010f3546e58ebd HTTP/1.1" 200 - "https://localhost:3000/products" "Mozilla/5.0 (X11; Linux x86_64) AppleWebKit/537.36 (KHTML, like Gecko) Chrome/76.0.3809.132 Safari/537.36"
::1 - - [09/Sep/2019:10:28:22 +0000] "GET /css/main.css HTTP/1.1" 304 - "https://localhost:3000/products/5d6756d193010f3546e58ebd" "Mozilla/5.0 (X11; Linux x86_64) AppleWebKit/537.36 (KHTML, like Gecko) Chrome/76.0.3809.132 Safari/537.36"
::1 - - [09/Sep/2019:10:28:22 +0000] "GET /css/product.css HTTP/1.1" 304 - "https://localhost:3000/products/5d6756d193010f3546e58ebd" "Mozilla/5.0 (X11; Linux x86_64) AppleWebKit/537.36 (KHTML, like Gecko) Chrome/76.0.3809.132 Safari/537.36"
::1 - - [09/Sep/2019:10:28:22 +0000] "GET /images/2019-08-29T04:38:41.726Z-book1.jpg HTTP/1.1" 304 - "https://localhost:3000/products/5d6756d193010f3546e58ebd" "Mozilla/5.0 (X11; Linux x86_64) AppleWebKit/537.36 (KHTML, like Gecko) Chrome/76.0.3809.132 Safari/537.36"
::1 - - [09/Sep/2019:10:28:22 +0000] "GET /js/main.js HTTP/1.1" 304 - "https://localhost:3000/products/5d6756d193010f3546e58ebd" "Mozilla/5.0 (X11; Linux x86_64) AppleWebKit/537.36 (KHTML, like Gecko) Chrome/76.0.3809.132 Safari/537.36"
::1 - - [09/Sep/2019:10:28:28 +0000] "GET / HTTP/1.1" 200 - "https://localhost:3000/products/5d6756d193010f3546e58ebd" "Mozilla/5.0 (X11; Linux x86_64) AppleWebKit/537.36 (KHTML, like Gecko) Chrome/76.0.3809.132 Safari/537.36"
::1 - - [09/Sep/2019:10:28:28 +0000] "GET /css/main.css HTTP/1.1" 200 - "https://localhost:3000/" "Mozilla/5.0 (X11; Linux x86_64) AppleWebKit/537.36 (KHTML, like Gecko) Chrome/76.0.3809.132 Safari/537.36"
::1 - - [09/Sep/2019:10:28:28 +0000] "GET /css/product.css HTTP/1.1" 304 - "https://localhost:3000/" "Mozilla/5.0 (X11; Linux x86_64) AppleWebKit/537.36 (KHTML, like Gecko) Chrome/76.0.3809.132 Safari/537.36"
::1 - - [09/Sep/2019:10:28:28 +0000] "GET /js/main.js HTTP/1.1" 304 - "https://localhost:3000/" "Mozilla/5.0 (X11; Linux x86_64) AppleWebKit/537.36 (KHTML, like Gecko) Chrome/76.0.3809.132 Safari/537.36"
::1 - - [09/Sep/2019:10:28:28 +0000] "GET /images/2019-08-29T04:38:41.726Z-book1.jpg HTTP/1.1" 304 - "https://localhost:3000/" "Mozilla/5.0 (X11; Linux x86_64) AppleWebKit/537.36 (KHTML, like Gecko) Chrome/76.0.3809.132 Safari/537.36"
::1 - - [09/Sep/2019:10:28:28 +0000] "GET /images/2019-09-09T06:32:12.114Z-cat.jpg HTTP/1.1" 200 23956 "https://localhost:3000/" "Mozilla/5.0 (X11; Linux x86_64) AppleWebKit/537.36 (KHTML, like Gecko) Chrome/76.0.3809.132 Safari/537.36"
::1 - - [09/Sep/2019:10:28:28 +0000] "GET /images/2019-08-30T10:26:10.678Z-book2.jpeg HTTP/1.1" 200 77704 "https://localhost:3000/" "Mozilla/5.0 (X11; Linux x86_64) AppleWebKit/537.36 (KHTML, like Gecko) Chrome/76.0.3809.132 Safari/537.36"
::1 - - [09/Sep/2019:10:28:30 +0000] "GET /cart HTTP/1.1" 200 - "https://localhost:3000/" "Mozilla/5.0 (X11; Linux x86_64) AppleWebKit/537.36 (KHTML, like Gecko) Chrome/76.0.3809.132 Safari/537.36"
::1 - - [09/Sep/2019:10:28:30 +0000] "GET /js/main.js HTTP/1.1" 304 - "https://localhost:3000/cart" "Mozilla/5.0 (X11; Linux x86_64) AppleWebKit/537.36 (KHTML, like Gecko) Chrome/76.0.3809.132 Safari/537.36"
::1 - - [09/Sep/2019:10:28:30 +0000] "GET /css/cart.css HTTP/1.1" 200 744 "https://localhost:3000/cart" "Mozilla/5.0 (X11; Linux x86_64) AppleWebKit/537.36 (KHTML, like Gecko) Chrome/76.0.3809.132 Safari/537.36"
::1 - - [09/Sep/2019:10:28:30 +0000] "GET /css/main.css HTTP/1.1" 200 - "https://localhost:3000/cart" "Mozilla/5.0 (X11; Linux x86_64) AppleWebKit/537.36 (KHTML, like Gecko) Chrome/76.0.3809.132 Safari/537.36"
::1 - - [09/Sep/2019:10:28:31 +0000] "GET / HTTP/1.1" 200 - "https://localhost:3000/cart" "Mozilla/5.0 (X11; Linux x86_64) AppleWebKit/537.36 (KHTML, like Gecko) Chrome/76.0.3809.132 Safari/537.36"
::1 - - [09/Sep/2019:10:28:31 +0000] "GET /css/main.css HTTP/1.1" 304 - "https://localhost:3000/" "Mozilla/5.0 (X11; Linux x86_64) AppleWebKit/537.36 (KHTML, like Gecko) Chrome/76.0.3809.132 Safari/537.36"
::1 - - [09/Sep/2019:10:28:31 +0000] "GET /css/product.css HTTP/1.1" 304 - "https://localhost:3000/" "Mozilla/5.0 (X11; Linux x86_64) AppleWebKit/537.36 (KHTML, like Gecko) Chrome/76.0.3809.132 Safari/537.36"
::1 - - [09/Sep/2019:10:28:31 +0000] "GET /images/2019-08-29T04:38:41.726Z-book1.jpg HTTP/1.1" 304 - "https://localhost:3000/" "Mozilla/5.0 (X11; Linux x86_64) AppleWebKit/537.36 (KHTML, like Gecko) Chrome/76.0.3809.132 Safari/537.36"
::1 - - [09/Sep/2019:10:28:31 +0000] "GET /images/2019-08-30T10:26:10.678Z-book2.jpeg HTTP/1.1" 304 - "https://localhost:3000/" "Mozilla/5.0 (X11; Linux x86_64) AppleWebKit/537.36 (KHTML, like Gecko) Chrome/76.0.3809.132 Safari/537.36"
::1 - - [09/Sep/2019:10:28:31 +0000] "GET /js/main.js HTTP/1.1" 304 - "https://localhost:3000/" "Mozilla/5.0 (X11; Linux x86_64) AppleWebKit/537.36 (KHTML, like Gecko) Chrome/76.0.3809.132 Safari/537.36"
::1 - - [09/Sep/2019:10:28:31 +0000] "GET /images/2019-09-09T06:32:12.114Z-cat.jpg HTTP/1.1" 304 - "https://localhost:3000/" "Mozilla/5.0 (X11; Linux x86_64) AppleWebKit/537.36 (KHTML, like Gecko) Chrome/76.0.3809.132 Safari/537.36"
::1 - - [09/Sep/2019:10:28:32 +0000] "GET /orders HTTP/1.1" 200 - "https://localhost:3000/" "Mozilla/5.0 (X11; Linux x86_64) AppleWebKit/537.36 (KHTML, like Gecko) Chrome/76.0.3809.132 Safari/537.36"
::1 - - [09/Sep/2019:10:28:32 +0000] "GET /css/main.css HTTP/1.1" 304 - "https://localhost:3000/orders" "Mozilla/5.0 (X11; Linux x86_64) AppleWebKit/537.36 (KHTML, like Gecko) Chrome/76.0.3809.132 Safari/537.36"
::1 - - [09/Sep/2019:10:28:32 +0000] "GET /js/main.js HTTP/1.1" 304 - "https://localhost:3000/orders" "Mozilla/5.0 (X11; Linux x86_64) AppleWebKit/537.36 (KHTML, like Gecko) Chrome/76.0.3809.132 Safari/537.36"
::1 - - [09/Sep/2019:10:28:32 +0000] "GET /css/orders.css HTTP/1.1" 200 419 "https://localhost:3000/orders" "Mozilla/5.0 (X11; Linux x86_64) AppleWebKit/537.36 (KHTML, like Gecko) Chrome/76.0.3809.132 Safari/537.36"
::1 - - [09/Sep/2019:10:28:33 +0000] "GET /admin/add-product HTTP/1.1" 200 - "https://localhost:3000/orders" "Mozilla/5.0 (X11; Linux x86_64) AppleWebKit/537.36 (KHTML, like Gecko) Chrome/76.0.3809.132 Safari/537.36"
::1 - - [09/Sep/2019:10:28:33 +0000] "GET /css/main.css HTTP/1.1" 304 - "https://localhost:3000/admin/add-product" "Mozilla/5.0 (X11; Linux x86_64) AppleWebKit/537.36 (KHTML, like Gecko) Chrome/76.0.3809.132 Safari/537.36"
::1 - - [09/Sep/2019:10:28:33 +0000] "GET /css/forms.css HTTP/1.1" 200 458 "https://localhost:3000/admin/add-product" "Mozilla/5.0 (X11; Linux x86_64) AppleWebKit/537.36 (KHTML, like Gecko) Chrome/76.0.3809.132 Safari/537.36"
::1 - - [09/Sep/2019:10:28:33 +0000] "GET /css/product.css HTTP/1.1" 304 - "https://localhost:3000/admin/add-product" "Mozilla/5.0 (X11; Linux x86_64) AppleWebKit/537.36 (KHTML, like Gecko) Chrome/76.0.3809.132 Safari/537.36"
::1 - - [09/Sep/2019:10:28:33 +0000] "GET /js/main.js HTTP/1.1" 304 - "https://localhost:3000/admin/add-product" "Mozilla/5.0 (X11; Linux x86_64) AppleWebKit/537.36 (KHTML, like Gecko) Chrome/76.0.3809.132 Safari/537.36"
::1 - - [09/Sep/2019:10:28:35 +0000] "GET /admin/products HTTP/1.1" 200 - "https://localhost:3000/admin/add-product" "Mozilla/5.0 (X11; Linux x86_64) AppleWebKit/537.36 (KHTML, like Gecko) Chrome/76.0.3809.132 Safari/537.36"
::1 - - [09/Sep/2019:10:28:35 +0000] "GET /css/main.css HTTP/1.1" 304 - "https://localhost:3000/admin/products" "Mozilla/5.0 (X11; Linux x86_64) AppleWebKit/537.36 (KHTML, like Gecko) Chrome/76.0.3809.132 Safari/537.36"
::1 - - [09/Sep/2019:10:28:35 +0000] "GET /css/product.css HTTP/1.1" 304 - "https://localhost:3000/admin/products" "Mozilla/5.0 (X11; Linux x86_64) AppleWebKit/537.36 (KHTML, like Gecko) Chrome/76.0.3809.132 Safari/537.36"
::1 - - [09/Sep/2019:10:28:35 +0000] "GET /images/2019-09-09T06:32:12.114Z-cat.jpg HTTP/1.1" 304 - "https://localhost:3000/admin/products" "Mozilla/5.0 (X11; Linux x86_64) AppleWebKit/537.36 (KHTML, like Gecko) Chrome/76.0.3809.132 Safari/537.36"
::1 - - [09/Sep/2019:10:28:35 +0000] "GET /js/admin.js HTTP/1.1" 200 590 "https://localhost:3000/admin/products" "Mozilla/5.0 (X11; Linux x86_64) AppleWebKit/537.36 (KHTML, like Gecko) Chrome/76.0.3809.132 Safari/537.36"
::1 - - [09/Sep/2019:10:28:35 +0000] "GET /js/main.js HTTP/1.1" 304 - "https://localhost:3000/admin/products" "Mozilla/5.0 (X11; Linux x86_64) AppleWebKit/537.36 (KHTML, like Gecko) Chrome/76.0.3809.132 Safari/537.36"
::1 - - [09/Sep/2019:10:28:36 +0000] "GET / HTTP/1.1" 200 - "https://localhost:3000/admin/products" "Mozilla/5.0 (X11; Linux x86_64) AppleWebKit/537.36 (KHTML, like Gecko) Chrome/76.0.3809.132 Safari/537.36"
::1 - - [09/Sep/2019:10:28:36 +0000] "GET /css/main.css HTTP/1.1" 304 - "https://localhost:3000/" "Mozilla/5.0 (X11; Linux x86_64) AppleWebKit/537.36 (KHTML, like Gecko) Chrome/76.0.3809.132 Safari/537.36"
::1 - - [09/Sep/2019:10:28:36 +0000] "GET /css/product.css HTTP/1.1" 304 - "https://localhost:3000/" "Mozilla/5.0 (X11; Linux x86_64) AppleWebKit/537.36 (KHTML, like Gecko) Chrome/76.0.3809.132 Safari/537.36"
::1 - - [09/Sep/2019:10:28:36 +0000] "GET /images/2019-08-29T04:38:41.726Z-book1.jpg HTTP/1.1" 304 - "https://localhost:3000/" "Mozilla/5.0 (X11; Linux x86_64) AppleWebKit/537.36 (KHTML, like Gecko) Chrome/76.0.3809.132 Safari/537.36"
::1 - - [09/Sep/2019:10:28:36 +0000] "GET /images/2019-08-30T10:26:10.678Z-book2.jpeg HTTP/1.1" 304 - "https://localhost:3000/" "Mozilla/5.0 (X11; Linux x86_64) AppleWebKit/537.36 (KHTML, like Gecko) Chrome/76.0.3809.132 Safari/537.36"
::1 - - [09/Sep/2019:10:28:36 +0000] "GET /js/main.js HTTP/1.1" 304 - "https://localhost:3000/" "Mozilla/5.0 (X11; Linux x86_64) AppleWebKit/537.36 (KHTML, like Gecko) Chrome/76.0.3809.132 Safari/537.36"
::1 - - [09/Sep/2019:10:28:36 +0000] "GET /images/2019-09-09T06:32:12.114Z-cat.jpg HTTP/1.1" 304 - "https://localhost:3000/" "Mozilla/5.0 (X11; Linux x86_64) AppleWebKit/537.36 (KHTML, like Gecko) Chrome/76.0.3809.132 Safari/537.36"
::1 - - [09/Sep/2019:11:23:31 +0000] "GET / HTTP/1.1" 200 - "https://localhost:3000/admin/products" "Mozilla/5.0 (X11; Linux x86_64) AppleWebKit/537.36 (KHTML, like Gecko) Chrome/76.0.3809.132 Safari/537.36"
::1 - - [09/Sep/2019:11:23:31 +0000] "GET /css/main.css HTTP/1.1" 200 - "https://localhost:3000/" "Mozilla/5.0 (X11; Linux x86_64) AppleWebKit/537.36 (KHTML, like Gecko) Chrome/76.0.3809.132 Safari/537.36"
::1 - - [09/Sep/2019:11:23:31 +0000] "GET /css/product.css HTTP/1.1" 304 - "https://localhost:3000/" "Mozilla/5.0 (X11; Linux x86_64) AppleWebKit/537.36 (KHTML, like Gecko) Chrome/76.0.3809.132 Safari/537.36"
::1 - - [09/Sep/2019:11:23:31 +0000] "GET /images/2019-08-30T10:26:10.678Z-book2.jpeg HTTP/1.1" 304 - "https://localhost:3000/" "Mozilla/5.0 (X11; Linux x86_64) AppleWebKit/537.36 (KHTML, like Gecko) Chrome/76.0.3809.132 Safari/537.36"
::1 - - [09/Sep/2019:11:23:31 +0000] "GET /images/2019-08-29T04:38:41.726Z-book1.jpg HTTP/1.1" 304 - "https://localhost:3000/" "Mozilla/5.0 (X11; Linux x86_64) AppleWebKit/537.36 (KHTML, like Gecko) Chrome/76.0.3809.132 Safari/537.36"
::1 - - [09/Sep/2019:11:23:31 +0000] "GET /js/main.js HTTP/1.1" 304 - "https://localhost:3000/" "Mozilla/5.0 (X11; Linux x86_64) AppleWebKit/537.36 (KHTML, like Gecko) Chrome/76.0.3809.132 Safari/537.36"
::1 - - [09/Sep/2019:11:23:31 +0000] "GET /images/2019-09-09T06:32:12.114Z-cat.jpg HTTP/1.1" 304 - "https://localhost:3000/" "Mozilla/5.0 (X11; Linux x86_64) AppleWebKit/537.36 (KHTML, like Gecko) Chrome/76.0.3809.132 Safari/537.36"
::1 - - [09/Sep/2019:11:23:34 +0000] "GET /products/5d6756d193010f3546e58ebd HTTP/1.1" 200 - "https://localhost:3000/" "Mozilla/5.0 (X11; Linux x86_64) AppleWebKit/537.36 (KHTML, like Gecko) Chrome/76.0.3809.132 Safari/537.36"
::1 - - [09/Sep/2019:11:23:34 +0000] "GET /css/main.css HTTP/1.1" 304 - "https://localhost:3000/products/5d6756d193010f3546e58ebd" "Mozilla/5.0 (X11; Linux x86_64) AppleWebKit/537.36 (KHTML, like Gecko) Chrome/76.0.3809.132 Safari/537.36"
::1 - - [09/Sep/2019:11:23:34 +0000] "GET /css/product.css HTTP/1.1" 304 - "https://localhost:3000/products/5d6756d193010f3546e58ebd" "Mozilla/5.0 (X11; Linux x86_64) AppleWebKit/537.36 (KHTML, like Gecko) Chrome/76.0.3809.132 Safari/537.36"
::1 - - [09/Sep/2019:11:23:34 +0000] "GET /images/2019-08-29T04:38:41.726Z-book1.jpg HTTP/1.1" 304 - "https://localhost:3000/products/5d6756d193010f3546e58ebd" "Mozilla/5.0 (X11; Linux x86_64) AppleWebKit/537.36 (KHTML, like Gecko) Chrome/76.0.3809.132 Safari/537.36"
::1 - - [09/Sep/2019:11:23:34 +0000] "GET /js/main.js HTTP/1.1" 304 - "https://localhost:3000/products/5d6756d193010f3546e58ebd" "Mozilla/5.0 (X11; Linux x86_64) AppleWebKit/537.36 (KHTML, like Gecko) Chrome/76.0.3809.132 Safari/537.36"
::1 - - [09/Sep/2019:11:23:37 +0000] "GET /cart HTTP/1.1" 200 - "https://localhost:3000/products/5d6756d193010f3546e58ebd" "Mozilla/5.0 (X11; Linux x86_64) AppleWebKit/537.36 (KHTML, like Gecko) Chrome/76.0.3809.132 Safari/537.36"
::1 - - [09/Sep/2019:11:23:37 +0000] "GET /css/main.css HTTP/1.1" 304 - "https://localhost:3000/cart" "Mozilla/5.0 (X11; Linux x86_64) AppleWebKit/537.36 (KHTML, like Gecko) Chrome/76.0.3809.132 Safari/537.36"
::1 - - [09/Sep/2019:11:23:37 +0000] "GET /css/cart.css HTTP/1.1" 200 744 "https://localhost:3000/cart" "Mozilla/5.0 (X11; Linux x86_64) AppleWebKit/537.36 (KHTML, like Gecko) Chrome/76.0.3809.132 Safari/537.36"
::1 - - [09/Sep/2019:11:23:37 +0000] "GET /js/main.js HTTP/1.1" 304 - "https://localhost:3000/cart" "Mozilla/5.0 (X11; Linux x86_64) AppleWebKit/537.36 (KHTML, like Gecko) Chrome/76.0.3809.132 Safari/537.36"
::1 - - [09/Sep/2019:11:23:38 +0000] "GET /orders HTTP/1.1" 200 - "https://localhost:3000/cart" "Mozilla/5.0 (X11; Linux x86_64) AppleWebKit/537.36 (KHTML, like Gecko) Chrome/76.0.3809.132 Safari/537.36"
::1 - - [09/Sep/2019:11:23:38 +0000] "GET /css/main.css HTTP/1.1" 304 - "https://localhost:3000/orders" "Mozilla/5.0 (X11; Linux x86_64) AppleWebKit/537.36 (KHTML, like Gecko) Chrome/76.0.3809.132 Safari/537.36"
::1 - - [09/Sep/2019:11:23:38 +0000] "GET /js/main.js HTTP/1.1" 304 - "https://localhost:3000/orders" "Mozilla/5.0 (X11; Linux x86_64) AppleWebKit/537.36 (KHTML, like Gecko) Chrome/76.0.3809.132 Safari/537.36"
::1 - - [09/Sep/2019:11:23:38 +0000] "GET /css/orders.css HTTP/1.1" 200 419 "https://localhost:3000/orders" "Mozilla/5.0 (X11; Linux x86_64) AppleWebKit/537.36 (KHTML, like Gecko) Chrome/76.0.3809.132 Safari/537.36"
::1 - - [09/Sep/2019:11:23:39 +0000] "GET /admin/add-product HTTP/1.1" 200 - "https://localhost:3000/orders" "Mozilla/5.0 (X11; Linux x86_64) AppleWebKit/537.36 (KHTML, like Gecko) Chrome/76.0.3809.132 Safari/537.36"
::1 - - [09/Sep/2019:11:23:39 +0000] "GET /css/main.css HTTP/1.1" 304 - "https://localhost:3000/admin/add-product" "Mozilla/5.0 (X11; Linux x86_64) AppleWebKit/537.36 (KHTML, like Gecko) Chrome/76.0.3809.132 Safari/537.36"
::1 - - [09/Sep/2019:11:23:39 +0000] "GET /css/product.css HTTP/1.1" 304 - "https://localhost:3000/admin/add-product" "Mozilla/5.0 (X11; Linux x86_64) AppleWebKit/537.36 (KHTML, like Gecko) Chrome/76.0.3809.132 Safari/537.36"
::1 - - [09/Sep/2019:11:23:39 +0000] "GET /css/forms.css HTTP/1.1" 200 458 "https://localhost:3000/admin/add-product" "Mozilla/5.0 (X11; Linux x86_64) AppleWebKit/537.36 (KHTML, like Gecko) Chrome/76.0.3809.132 Safari/537.36"
::1 - - [09/Sep/2019:11:23:39 +0000] "GET /js/main.js HTTP/1.1" 304 - "https://localhost:3000/admin/add-product" "Mozilla/5.0 (X11; Linux x86_64) AppleWebKit/537.36 (KHTML, like Gecko) Chrome/76.0.3809.132 Safari/537.36"
::1 - - [09/Sep/2019:11:23:39 +0000] "GET /admin/products HTTP/1.1" 200 - "https://localhost:3000/admin/add-product" "Mozilla/5.0 (X11; Linux x86_64) AppleWebKit/537.36 (KHTML, like Gecko) Chrome/76.0.3809.132 Safari/537.36"
::1 - - [09/Sep/2019:11:23:39 +0000] "GET /css/product.css HTTP/1.1" 304 - "https://localhost:3000/admin/products" "Mozilla/5.0 (X11; Linux x86_64) AppleWebKit/537.36 (KHTML, like Gecko) Chrome/76.0.3809.132 Safari/537.36"
::1 - - [09/Sep/2019:11:23:39 +0000] "GET /css/main.css HTTP/1.1" 200 - "https://localhost:3000/admin/products" "Mozilla/5.0 (X11; Linux x86_64) AppleWebKit/537.36 (KHTML, like Gecko) Chrome/76.0.3809.132 Safari/537.36"
::1 - - [09/Sep/2019:11:23:39 +0000] "GET /images/2019-09-09T06:32:12.114Z-cat.jpg HTTP/1.1" 200 23956 "https://localhost:3000/admin/products" "Mozilla/5.0 (X11; Linux x86_64) AppleWebKit/537.36 (KHTML, like Gecko) Chrome/76.0.3809.132 Safari/537.36"
::1 - - [09/Sep/2019:11:23:39 +0000] "GET /js/admin.js HTTP/1.1" 200 590 "https://localhost:3000/admin/products" "Mozilla/5.0 (X11; Linux x86_64) AppleWebKit/537.36 (KHTML, like Gecko) Chrome/76.0.3809.132 Safari/537.36"
::1 - - [09/Sep/2019:11:23:39 +0000] "GET /js/main.js HTTP/1.1" 304 - "https://localhost:3000/admin/products" "Mozilla/5.0 (X11; Linux x86_64) AppleWebKit/537.36 (KHTML, like Gecko) Chrome/76.0.3809.132 Safari/537.36"
